2025-03-22 20:47:19 +07 LOG:  database system was shut down at 2025-03-22 20:47:12 +07
2025-03-22 20:52:19 +07 LOG:  checkpoint starting: time
2025-03-22 20:52:24 +07 LOG:  checkpoint complete: wrote 48 buffers (0.3%); 0 WAL file(s) added, 0 removed, 0 recycled; write=4.890 s, sync=0.006 s, total=4.900 s; sync files=11, longest=0.001 s, average=0.001 s; distance=288 kB, estimate=288 kB; lsn=0/15BAEB0, redo lsn=0/15BAE58
2025-03-22 20:57:19 +07 LOG:  checkpoint starting: time
2025-03-22 20:59:06 +07 LOG:  checkpoint complete: wrote 980 buffers (6.0%); 0 WAL file(s) added, 0 removed, 0 recycled; write=106.604 s, sync=0.233 s, total=106.841 s; sync files=985, longest=0.001 s, average=0.001 s; distance=4556 kB, estimate=4556 kB; lsn=0/28CEA78, redo lsn=0/1A2E0B8
2025-03-22 21:02:19 +07 LOG:  checkpoint starting: time
2025-03-22 21:05:16 +07 LOG:  checkpoint complete: wrote 1629 buffers (9.9%); 0 WAL file(s) added, 0 removed, 1 recycled; write=177.166 s, sync=0.171 s, total=177.343 s; sync files=421, longest=0.001 s, average=0.001 s; distance=14992 kB, estimate=14992 kB; lsn=0/28D22D8, redo lsn=0/28D2248
2025-03-22 21:27:59 +07 LOG:  could not receive data from client: An existing connection was forcibly closed by the remote host.
	
2025-03-22 21:27:59 +07 LOG:  could not receive data from client: An existing connection was forcibly closed by the remote host.
	
2025-03-22 21:28:00 +07 LOG:  could not receive data from client: An existing connection was forcibly closed by the remote host.
	
2025-03-22 21:28:00 +07 LOG:  could not receive data from client: An existing connection was forcibly closed by the remote host.
	
2025-03-22 21:28:00 +07 LOG:  could not receive data from client: An existing connection was forcibly closed by the remote host.
	
2025-03-22 21:28:00 +07 LOG:  could not receive data from client: An existing connection was forcibly closed by the remote host.
	
2025-03-22 22:07:47 +07 LOG:  checkpoint starting: time
2025-03-22 22:07:49 +07 LOG:  checkpoint complete: wrote 14 buffers (0.1%); 0 WAL file(s) added, 0 removed, 0 recycled; write=1.412 s, sync=0.008 s, total=1.425 s; sync files=14, longest=0.001 s, average=0.001 s; distance=10 kB, estimate=13494 kB; lsn=0/28D4B68, redo lsn=0/28D4AD8
2025-03-22 22:12:47 +07 LOG:  checkpoint starting: time
2025-03-22 22:12:47 +07 LOG:  checkpoint complete: wrote 6 buffers (0.0%); 0 WAL file(s) added, 0 removed, 0 recycled; write=0.540 s, sync=0.004 s, total=0.548 s; sync files=6, longest=0.002 s, average=0.001 s; distance=8 kB, estimate=12145 kB; lsn=0/28D6DE0, redo lsn=0/28D6D88
2025-03-22 22:22:47 +07 LOG:  checkpoint starting: time
2025-03-22 22:22:48 +07 LOG:  checkpoint complete: wrote 6 buffers (0.0%); 0 WAL file(s) added, 0 removed, 0 recycled; write=0.543 s, sync=0.003 s, total=0.550 s; sync files=6, longest=0.001 s, average=0.001 s; distance=9 kB, estimate=10932 kB; lsn=0/28D93B8, redo lsn=0/28D9360
2025-03-22 22:27:47 +07 LOG:  checkpoint starting: time
2025-03-22 22:32:10 +07 LOG:  checkpoint complete: wrote 2419 buffers (14.8%); 0 WAL file(s) added, 0 removed, 1 recycled; write=262.653 s, sync=0.322 s, total=262.981 s; sync files=976, longest=0.001 s, average=0.001 s; distance=18323 kB, estimate=18323 kB; lsn=0/3ABE0B0, redo lsn=0/3ABE020
2025-03-22 22:52:47 +07 LOG:  checkpoint starting: time
2025-03-22 22:56:29 +07 LOG:  checkpoint complete: wrote 2056 buffers (12.5%); 0 WAL file(s) added, 0 removed, 1 recycled; write=222.039 s, sync=0.442 s, total=222.486 s; sync files=1880, longest=0.002 s, average=0.001 s; distance=18188 kB, estimate=18309 kB; lsn=0/698C198, redo lsn=0/4C811C8
2025-03-22 23:17:47 +07 LOG:  checkpoint starting: time
2025-03-22 23:22:17 +07 LOG:  checkpoint complete: wrote 3011 buffers (18.4%); 0 WAL file(s) added, 0 removed, 2 recycled; write=269.325 s, sync=0.254 s, total=269.586 s; sync files=580, longest=0.007 s, average=0.001 s; distance=33487 kB, estimate=33487 kB; lsn=0/6F0D738, redo lsn=0/6D34FF8
2025-03-22 23:52:47 +07 LOG:  checkpoint starting: time
2025-03-22 23:53:08 +07 LOG:  checkpoint complete: wrote 191 buffers (1.2%); 0 WAL file(s) added, 0 removed, 0 recycled; write=20.694 s, sync=0.014 s, total=20.712 s; sync files=32, longest=0.001 s, average=0.001 s; distance=1900 kB, estimate=30328 kB; lsn=0/6F1D0F0, redo lsn=0/6F101E0
2025-03-22 23:57:47 +07 LOG:  checkpoint starting: time
2025-03-22 23:57:49 +07 LOG:  checkpoint complete: wrote 22 buffers (0.1%); 0 WAL file(s) added, 0 removed, 0 recycled; write=2.063 s, sync=0.006 s, total=2.073 s; sync files=13, longest=0.002 s, average=0.001 s; distance=90 kB, estimate=27304 kB; lsn=0/6F26AB0, redo lsn=0/6F26A58
